d:\oop\23521490_bt\bai05\x64\debug\vc143.pdb
d:\oop\23521490_bt\bai05\x64\debug\vc143.idb
d:\oop\23521490_bt\bai05\x64\debug\bai05.obj
d:\oop\23521490_bt\x64\debug\bai05.exe
d:\oop\23521490_bt\x64\debug\bai05.pdb
d:\oop\23521490_bt\bai05\x64\debug\bai05.ilk
d:\oop\23521490_bt01\bai05\x64\debug\bai05.obj
d:\oop\23521490_bt01\bai05\x64\debug\bai05.ilk
d:\oop\23521490_bt01\bai05\x64\debug\vc143.idb
d:\oop\23521490_bt01\bai05\x64\debug\vc143.pdb
d:\oop\23521490_bt01\x64\debug\bai05.pdb
d:\oop\23521490_bt01\x64\debug\bai05.exe
d:\oop\23521490_bt01\bai05\x64\debug\bai05.tlog\cl.command.1.tlog
d:\oop\23521490_bt01\bai05\x64\debug\bai05.tlog\cl.items.tlog
d:\oop\23521490_bt01\bai05\x64\debug\bai05.tlog\cl.read.1.tlog
d:\oop\23521490_bt01\bai05\x64\debug\bai05.tlog\cl.write.1.tlog
d:\oop\23521490_bt01\bai05\x64\debug\bai05.tlog\link.command.1.tlog
d:\oop\23521490_bt01\bai05\x64\debug\bai05.tlog\link.read.1.tlog
d:\oop\23521490_bt01\bai05\x64\debug\bai05.tlog\link.secondary.1.tlog
d:\oop\23521490_bt01\bai05\x64\debug\bai05.tlog\link.write.1.tlog
